0 silly argv {
0 silly argv   _: [ 'import' ],
0 silly argv   dest: '',
0 silly argv   'preserve-commit': true,
0 silly argv   preserveCommit: true,
0 silly argv   lernaVersion: '5.4.3',
0 silly argv   '$0': 'C:\\Program Files\\nodejs\\node_modules\\lerna\\cli.js',
0 silly argv   dir: '../blog/personal-blog/'
0 silly argv }
1 notice cli v5.4.3
2 verbose rootPath D:\project\study\lerna-demo
3 info versioning independent
4 error Error: Command failed with exit code 128: git rev-parse HEAD
4 error fatal: ambiguous argument 'HEAD': unknown revision or path not in the working tree.
4 error Use '--' to separate paths from revisions, like this:
4 error 'git <command> [<revision>...] -- [<file>...]'
4 error HEAD
4 error     at makeError (C:\Users\test\AppData\Roaming\nvm\v14.17.0\node_modules\lerna\node_modules\execa\lib\error.js:60:11)
4 error     at Function.module.exports.sync (C:\Users\test\AppData\Roaming\nvm\v14.17.0\node_modules\lerna\node_modules\execa\index.js:194:17)
4 error     at Object.execSync (C:\Users\test\AppData\Roaming\nvm\v14.17.0\node_modules\lerna\node_modules\@lerna\child-process\index.js:39:16)
4 error     at ImportCommand.execSync (C:\Users\test\AppData\Roaming\nvm\v14.17.0\node_modules\lerna\node_modules\@lerna\import\index.js:141:25)
4 error     at ImportCommand.getCurrentSHA (C:\Users\test\AppData\Roaming\nvm\v14.17.0\node_modules\lerna\node_modules\@lerna\import\index.js:133:17)
4 error     at ImportCommand.initialize (C:\Users\test\AppData\Roaming\nvm\v14.17.0\node_modules\lerna\node_modules\@lerna\import\index.js:102:31)
